[0714/193137.624:ERROR:process_reader_win.cc(151)] SuspendThread: Access is denied. (0x5)
[0714/193137.625:ERROR:exception_snapshot_win.cc(98)] thread ID 13652 not found in process
[0714/193137.626:ERROR:scoped_process_suspend.cc(40)] NtResumeProcess: An attempt was made to access an exiting process. (0xc000010a)
[0717/192040.248:ERROR:process_memory_win.cc(73)] ReadMemory at 0x17e4f76df10 of 72 bytes failed: Only part of a ReadProcessMemory or WriteProcessMemory request was completed. (0x12B)
[0717/192040.249:WARNING:pe_image_annotations_reader.cc(134)] could not read annotations list object in C:\Program Files (x86)\Google\Chrome\Application\84.0.4147.89\chrome_elf.dll
[0717/192040.249:ERROR:process_memory_win.cc(73)] ReadMemory at 0x17e4f79f020 of 72 bytes failed: Only part of a ReadProcessMemory or WriteProcessMemory request was completed. (0x12B)
[0717/192040.250:WARNING:pe_image_annotations_reader.cc(134)] could not read annotations list object in C:\Program Files (x86)\Google\Chrome\Application\84.0.4147.89\chrome.dll
[0717/192040.255:ERROR:process_memory_win.cc(73)] ReadMemory at 0x17e4f76df10 of 72 bytes failed: Only part of a ReadProcessMemory or WriteProcessMemory request was completed. (0x12B)
[0717/192040.255:WARNING:pe_image_annotations_reader.cc(134)] could not read annotations list object in C:\Program Files (x86)\Google\Chrome\Application\84.0.4147.89\chrome_elf.dll
[0717/192040.255:ERROR:process_memory_win.cc(73)] ReadMemory at 0x17e4f79f020 of 72 bytes failed: Only part of a ReadProcessMemory or WriteProcessMemory request was completed. (0x12B)
[0717/192040.255:WARNING:pe_image_annotations_reader.cc(134)] could not read annotations list object in C:\Program Files (x86)\Google\Chrome\Application\84.0.4147.89\chrome.dll
[0717/192040.256:ERROR:process_memory_win.cc(73)] ReadMemory at 0x17e4f76df10 of 72 bytes failed: Only part of a ReadProcessMemory or WriteProcessMemory request was completed. (0x12B)
[0717/192040.256:WARNING:pe_image_annotations_reader.cc(134)] could not read annotations list object in C:\Program Files (x86)\Google\Chrome\Application\84.0.4147.89\chrome_elf.dll
[0717/192040.256:ERROR:process_memory_win.cc(73)] ReadMemory at 0x17e4f79f020 of 72 bytes failed: Only part of a ReadProcessMemory or WriteProcessMemory request was completed. (0x12B)
[0717/192040.256:WARNING:pe_image_annotations_reader.cc(134)] could not read annotations list object in C:\Program Files (x86)\Google\Chrome\Application\84.0.4147.89\chrome.dll
[0717/192040.263:ERROR:process_memory_win.cc(73)] ReadMemory at 0x4b577e7000 of 102400 bytes failed: Only part of a ReadProcessMemory or WriteProcessMemory request was completed. (0x12B)
[0717/192040.265:ERROR:process_memory_win.cc(73)] ReadMemory at 0x4b57ffd000 of 12288 bytes failed: Only part of a ReadProcessMemory or WriteProcessMemory request was completed. (0x12B)
[0717/192040.265:ERROR:process_memory_win.cc(73)] ReadMemory at 0x4b587f7000 of 36864 bytes failed: Only part of a ReadProcessMemory or WriteProcessMemory request was completed. (0x12B)
[0717/192040.265:ERROR:process_memory_win.cc(73)] ReadMemory at 0x4b58ffc000 of 16384 bytes failed: Only part of a ReadProcessMemory or WriteProcessMemory request was completed. (0x12B)
[0717/192040.265:ERROR:process_memory_win.cc(73)] ReadMemory at 0x4b597fc000 of 16384 bytes failed: Only part of a ReadProcessMemory or WriteProcessMemory request was completed. (0x12B)
[0717/192040.265:ERROR:process_memory_win.cc(73)] ReadMemory at 0x4b59ffe000 of 8192 bytes failed: Only part of a ReadProcessMemory or WriteProcessMemory request was completed. (0x12B)
[0717/192040.265:ERROR:process_memory_win.cc(73)] ReadMemory at 0x4b5a7fd000 of 12288 bytes failed: Only part of a ReadProcessMemory or WriteProcessMemory request was completed. (0x12B)
[0717/192040.265:ERROR:process_memory_win.cc(73)] ReadMemory at 0x4b5affb000 of 20480 bytes failed: Only part of a ReadProcessMemory or WriteProcessMemory request was completed. (0x12B)
[0717/192040.265:ERROR:process_memory_win.cc(73)] ReadMemory at 0x4b5b7fb000 of 20480 bytes failed: Only part of a ReadProcessMemory or WriteProcessMemory request was completed. (0x12B)
[0717/192040.265:ERROR:process_memory_win.cc(73)] ReadMemory at 0x4b5bffb000 of 20480 bytes failed: Only part of a ReadProcessMemory or WriteProcessMemory request was completed. (0x12B)
[0717/192040.266:ERROR:process_memory_win.cc(73)] ReadMemory at 0x4b5c7f6000 of 40960 bytes failed: Only part of a ReadProcessMemory or WriteProcessMemory request was completed. (0x12B)
[0717/192040.266:ERROR:process_memory_win.cc(73)] ReadMemory at 0x4b5cff6000 of 40960 bytes failed: Only part of a ReadProcessMemory or WriteProcessMemory request was completed. (0x12B)
[0717/192040.266:ERROR:process_memory_win.cc(73)] ReadMemory at 0x4b5d7f6000 of 40960 bytes failed: Only part of a ReadProcessMemory or WriteProcessMemory request was completed. (0x12B)
[0717/192040.266:ERROR:process_memory_win.cc(73)] ReadMemory at 0x4b5dff6000 of 40960 bytes failed: Only part of a ReadProcessMemory or WriteProcessMemory request was completed. (0x12B)
[0717/192040.266:ERROR:process_memory_win.cc(73)] ReadMemory at 0x4b5e7fc000 of 16384 bytes failed: Only part of a ReadProcessMemory or WriteProcessMemory request was completed. (0x12B)
[0717/192040.266:ERROR:process_memory_win.cc(73)] ReadMemory at 0x4b5eff6000 of 40960 bytes failed: Only part of a ReadProcessMemory or WriteProcessMemory request was completed. (0x12B)
[0717/192040.266:ERROR:process_memory_win.cc(73)] ReadMemory at 0x4b5f7f8000 of 32768 bytes failed: Only part of a ReadProcessMemory or WriteProcessMemory request was completed. (0x12B)
[0717/192040.266:ERROR:process_memory_win.cc(73)] ReadMemory at 0x4b5fffc000 of 16384 bytes failed: Only part of a ReadProcessMemory or WriteProcessMemory request was completed. (0x12B)
[0717/192040.266:ERROR:process_memory_win.cc(73)] ReadMemory at 0x4b607fc000 of 16384 bytes failed: Only part of a ReadProcessMemory or WriteProcessMemory request was completed. (0x12B)
[0717/192040.266:ERROR:process_memory_win.cc(73)] ReadMemory at 0x4b60ffc000 of 16384 bytes failed: Only part of a ReadProcessMemory or WriteProcessMemory request was completed. (0x12B)
[0717/192040.266:ERROR:process_memory_win.cc(73)] ReadMemory at 0x4b617fc000 of 16384 bytes failed: Only part of a ReadProcessMemory or WriteProcessMemory request was completed. (0x12B)
[0717/192040.266:ERROR:process_memory_win.cc(73)] ReadMemory at 0x4b61ff5000 of 45056 bytes failed: Only part of a ReadProcessMemory or WriteProcessMemory request was completed. (0x12B)
[0717/192040.267:ERROR:process_memory_win.cc(73)] ReadMemory at 0x4b627fc000 of 16384 bytes failed: Only part of a ReadProcessMemory or WriteProcessMemory request was completed. (0x12B)
[0717/192040.267:ERROR:process_memory_win.cc(73)] ReadMemory at 0x4b62ffb000 of 20480 bytes failed: Only part of a ReadProcessMemory or WriteProcessMemory request was completed. (0x12B)
[0717/192040.267:ERROR:process_memory_win.cc(73)] ReadMemory at 0x4b56e00000 of 6024 bytes failed: Only part of a ReadProcessMemory or WriteProcessMemory request was completed. (0x12B)
[0717/192040.267:ERROR:process_memory_win.cc(73)] ReadMemory at 0x4b56e02000 of 6024 bytes failed: Only part of a ReadProcessMemory or WriteProcessMemory request was completed. (0x12B)
[0717/192040.267:ERROR:process_memory_win.cc(73)] ReadMemory at 0x4b56fd3000 of 852 bytes failed: Only part of a ReadProcessMemory or WriteProcessMemory request was completed. (0x12B)
[0717/192040.267:ERROR:process_memory_win.cc(73)] ReadMemory at 0x4b56fd4000 of 6024 bytes failed: Only part of a ReadProcessMemory or WriteProcessMemory request was completed. (0x12B)
[0717/192040.267:ERROR:process_memory_win.cc(73)] ReadMemory at 0x4b56fd6000 of 6024 bytes failed: Only part of a ReadProcessMemory or WriteProcessMemory request was completed. (0x12B)
[0717/192040.267:ERROR:process_memory_win.cc(73)] ReadMemory at 0x4b56fd8000 of 6024 bytes failed: Only part of a ReadProcessMemory or WriteProcessMemory request was completed. (0x12B)
[0717/192040.268:ERROR:process_memory_win.cc(73)] ReadMemory at 0x4b56fda000 of 6024 bytes failed: Only part of a ReadProcessMemory or WriteProcessMemory request was completed. (0x12B)
[0717/192040.268:ERROR:process_memory_win.cc(73)] ReadMemory at 0x4b56fdc000 of 6024 bytes failed: Only part of a ReadProcessMemory or WriteProcessMemory request was completed. (0x12B)
[0717/192040.268:ERROR:process_memory_win.cc(73)] ReadMemory at 0x4b56fde000 of 6024 bytes failed: Only part of a ReadProcessMemory or WriteProcessMemory request was completed. (0x12B)
[0717/192040.268:ERROR:process_memory_win.cc(73)] ReadMemory at 0x4b56fe0000 of 6024 bytes failed: Only part of a ReadProcessMemory or WriteProcessMemory request was completed. (0x12B)
[0717/192040.268:ERROR:process_memory_win.cc(73)] ReadMemory at 0x4b56fe2000 of 6024 bytes failed: Only part of a ReadProcessMemory or WriteProcessMemory request was completed. (0x12B)
[0717/192040.269:ERROR:process_memory_win.cc(73)] ReadMemory at 0x4b56fe4000 of 6024 bytes failed: Only part of a ReadProcessMemory or WriteProcessMemory request was completed. (0x12B)
[0717/192040.269:ERROR:process_memory_win.cc(73)] ReadMemory at 0x4b56fe6000 of 6024 bytes failed: Only part of a ReadProcessMemory or WriteProcessMemory request was completed. (0x12B)
[0717/192040.269:ERROR:process_memory_win.cc(73)] ReadMemory at 0x4b56fe8000 of 6024 bytes failed: Only part of a ReadProcessMemory or WriteProcessMemory request was completed. (0x12B)
[0717/192040.269:ERROR:process_memory_win.cc(73)] ReadMemory at 0x4b56fea000 of 6024 bytes failed: Only part of a ReadProcessMemory or WriteProcessMemory request was completed. (0x12B)
[0717/192040.269:ERROR:process_memory_win.cc(73)] ReadMemory at 0x4b56fec000 of 6024 bytes failed: Only part of a ReadProcessMemory or WriteProcessMemory request was completed. (0x12B)
[0717/192040.269:ERROR:process_memory_win.cc(73)] ReadMemory at 0x4b56fee000 of 6024 bytes failed: Only part of a ReadProcessMemory or WriteProcessMemory request was completed. (0x12B)
[0717/192040.269:ERROR:process_memory_win.cc(73)] ReadMemory at 0x4b56ff0000 of 6024 bytes failed: Only part of a ReadProcessMemory or WriteProcessMemory request was completed. (0x12B)
[0717/192040.269:ERROR:process_memory_win.cc(73)] ReadMemory at 0x4b56ff2000 of 6024 bytes failed: Only part of a ReadProcessMemory or WriteProcessMemory request was completed. (0x12B)
[0717/192040.269:ERROR:process_memory_win.cc(73)] ReadMemory at 0x4b56ff4000 of 6024 bytes failed: Only part of a ReadProcessMemory or WriteProcessMemory request was completed. (0x12B)
[0717/192040.269:ERROR:process_memory_win.cc(73)] ReadMemory at 0x4b56ff6000 of 6024 bytes failed: Only part of a ReadProcessMemory or WriteProcessMemory request was completed. (0x12B)
[0717/192040.269:ERROR:process_memory_win.cc(73)] ReadMemory at 0x4b56ff8000 of 6024 bytes failed: Only part of a ReadProcessMemory or WriteProcessMemory request was completed. (0x12B)
[0717/192040.269:ERROR:process_memory_win.cc(73)] ReadMemory at 0x4b56ffa000 of 6024 bytes failed: Only part of a ReadProcessMemory or WriteProcessMemory request was completed. (0x12B)
[0717/192040.270:ERROR:process_memory_win.cc(73)] ReadMemory at 0x4b56ffc000 of 6024 bytes failed: Only part of a ReadProcessMemory or WriteProcessMemory request was completed. (0x12B)
[0717/192040.270:ERROR:process_memory_win.cc(73)] ReadMemory at 0x4b56ffe000 of 6024 bytes failed: Only part of a ReadProcessMemory or WriteProcessMemory request was completed. (0x12B)
[0717/192040.270:ERROR:process_memory_win.cc(73)] ReadMemory at 0x17e4f760fe0 of 4254 bytes failed: Only part of a ReadProcessMemory or WriteProcessMemory request was completed. (0x12B)
[0717/192040.270:ERROR:process_memory_win.cc(73)] ReadMemory at 0x17e4f762090 of 1012 bytes failed: Only part of a ReadProcessMemory or WriteProcessMemory request was completed. (0x12B)
[0717/192040.270:ERROR:process_memory_win.cc(73)] ReadMemory at 0x17e4f7626d8 of 118 bytes failed: Only part of a ReadProcessMemory or WriteProcessMemory request was completed. (0x12B)
[0717/192040.270:ERROR:process_memory_win.cc(73)] ReadMemory at 0x17e4f762750 of 1182 bytes failed: Only part of a ReadProcessMemory or WriteProcessMemory request was completed. (0x12B)
[0717/192040.270:ERROR:process_memory_win.cc(73)] ReadMemory at 0x17e4f762bf0 of 118 bytes failed: Only part of a ReadProcessMemory or WriteProcessMemory request was completed. (0x12B)
[0717/192040.270:ERROR:process_memory_win.cc(73)] ReadMemory at 0x17e4f762c68 of 100 bytes failed: Only part of a ReadProcessMemory or WriteProcessMemory request was completed. (0x12B)
[0717/192040.270:ERROR:process_memory_win.cc(73)] ReadMemory at 0x17e4f762ce0 of 58 bytes failed: Only part of a ReadProcessMemory or WriteProcessMemory request was completed. (0x12B)
[0717/192040.270:ERROR:process_memory_win.cc(73)] ReadMemory at 0x17e4f762de0 of 132 bytes failed: Only part of a ReadProcessMemory or WriteProcessMemory request was completed. (0x12B)
[0717/192040.271:ERROR:process_memory_win.cc(73)] ReadMemory at 0x17e4f762f70 of 132 bytes failed: Only part of a ReadProcessMemory or WriteProcessMemory request was completed. (0x12B)
[0717/192040.271:ERROR:process_memory_win.cc(73)] ReadMemory at 0x17e4f763130 of 124 bytes failed: Only part of a ReadProcessMemory or WriteProcessMemory request was completed. (0x12B)
[0717/192040.271:ERROR:process_memory_win.cc(73)] ReadMemory at 0x17e4f763510 of 132 bytes failed: Only part of a ReadProcessMemory or WriteProcessMemory request was completed. (0x12B)
[0717/192040.271:ERROR:process_memory_win.cc(73)] ReadMemory at 0x17e4f7636a0 of 64 bytes failed: Only part of a ReadProcessMemory or WriteProcessMemory request was completed. (0x12B)
[0717/192040.271:ERROR:process_memory_win.cc(73)] ReadMemory at 0x17e4f7636f0 of 132 bytes failed: Only part of a ReadProcessMemory or WriteProcessMemory request was completed. (0x12B)
[0717/192040.271:ERROR:process_memory_win.cc(73)] ReadMemory at 0x17e4f763820 of 132 bytes failed: Only part of a ReadProcessMemory or WriteProcessMemory request was completed. (0x12B)
[0717/192040.271:ERROR:process_memory_win.cc(73)] ReadMemory at 0x17e4f763b20 of 132 bytes failed: Only part of a ReadProcessMemory or WriteProcessMemory request was completed. (0x12B)
[0717/192040.271:ERROR:process_memory_win.cc(73)] ReadMemory at 0x17e4f763cb0 of 68 bytes failed: Only part of a ReadProcessMemory or WriteProcessMemory request was completed. (0x12B)
[0717/192040.271:ERROR:process_memory_win.cc(73)] ReadMemory at 0x17e4f764fd0 of 152 bytes failed: Only part of a ReadProcessMemory or WriteProcessMemory request was completed. (0x12B)
[0717/192040.271:ERROR:process_memory_win.cc(73)] ReadMemory at 0x17e4f765db0 of 62 bytes failed: Only part of a ReadProcessMemory or WriteProcessMemory request was completed. (0x12B)
[0717/192040.271:ERROR:process_memory_win.cc(73)] ReadMemory at 0x17e4f765fa0 of 60 bytes failed: Only part of a ReadProcessMemory or WriteProcessMemory request was completed. (0x12B)
[0717/192040.272:ERROR:process_memory_win.cc(73)] ReadMemory at 0x17e4f766510 of 132 bytes failed: Only part of a ReadProcessMemory or WriteProcessMemory request was completed. (0x12B)
[0717/192040.272:ERROR:process_memory_win.cc(73)] ReadMemory at 0x17e4f76a6f0 of 78 bytes failed: Only part of a ReadProcessMemory or WriteProcessMemory request was completed. (0x12B)
[0717/192040.272:ERROR:process_memory_win.cc(73)] ReadMemory at 0x17e4f772340 of 132 bytes failed: Only part of a ReadProcessMemory or WriteProcessMemory request was completed. (0x12B)
[0717/192040.272:ERROR:process_memory_win.cc(73)] ReadMemory at 0x17e4f772690 of 132 bytes failed: Only part of a ReadProcessMemory or WriteProcessMemory request was completed. (0x12B)
[0717/192040.272:ERROR:process_memory_win.cc(73)] ReadMemory at 0x17e4f7729a0 of 132 bytes failed: Only part of a ReadProcessMemory or WriteProcessMemory request was completed. (0x12B)
[0717/192040.272:ERROR:process_memory_win.cc(73)] ReadMemory at 0x17e4f772c30 of 144 bytes failed: Only part of a ReadProcessMemory or WriteProcessMemory request was completed. (0x12B)
[0717/192040.272:ERROR:process_memory_win.cc(73)] ReadMemory at 0x17e4f7733d0 of 64 bytes failed: Only part of a ReadProcessMemory or WriteProcessMemory request was completed. (0x12B)
[0717/192040.272:ERROR:process_memory_win.cc(73)] ReadMemory at 0x17e4f773880 of 62 bytes failed: Only part of a ReadProcessMemory or WriteProcessMemory request was completed. (0x12B)
[0717/192040.272:ERROR:process_memory_win.cc(73)] ReadMemory at 0x17e4f773970 of 60 bytes failed: Only part of a ReadProcessMemory or WriteProcessMemory request was completed. (0x12B)
[0717/192040.272:ERROR:process_memory_win.cc(73)] ReadMemory at 0x17e4f7740a0 of 132 bytes failed: Only part of a ReadProcessMemory or WriteProcessMemory request was completed. (0x12B)
[0717/192040.272:ERROR:process_memory_win.cc(73)] ReadMemory at 0x17e4f774a30 of 62 bytes failed: Only part of a ReadProcessMemory or WriteProcessMemory request was completed. (0x12B)
[0717/192040.272:ERROR:process_memory_win.cc(73)] ReadMemory at 0x17e4f774a80 of 66 bytes failed: Only part of a ReadProcessMemory or WriteProcessMemory request was completed. (0x12B)
[0717/192040.273:ERROR:process_memory_win.cc(73)] ReadMemory at 0x17e4f774b20 of 64 bytes failed: Only part of a ReadProcessMemory or WriteProcessMemory request was completed. (0x12B)
[0717/192040.273:ERROR:process_memory_win.cc(73)] ReadMemory at 0x17e4f774b70 of 64 bytes failed: Only part of a ReadProcessMemory or WriteProcessMemory request was completed. (0x12B)
[0717/192040.273:ERROR:process_memory_win.cc(73)] ReadMemory at 0x17e4f774bc0 of 62 bytes failed: Only part of a ReadProcessMemory or WriteProcessMemory request was completed. (0x12B)
[0717/192040.273:ERROR:process_memory_win.cc(73)] ReadMemory at 0x17e4f774c10 of 58 bytes failed: Only part of a ReadProcessMemory or WriteProcessMemory request was completed. (0x12B)
[0717/192040.273:ERROR:process_memory_win.cc(73)] ReadMemory at 0x17e4f774c60 of 64 bytes failed: Only part of a ReadProcessMemory or WriteProcessMemory request was completed. (0x12B)
[0717/192040.273:ERROR:process_memory_win.cc(73)] ReadMemory at 0x17e4f774d00 of 60 bytes failed: Only part of a ReadProcessMemory or WriteProcessMemory request was completed. (0x12B)
[0717/192040.273:ERROR:process_memory_win.cc(73)] ReadMemory at 0x17e4f774f30 of 60 bytes failed: Only part of a ReadProcessMemory or WriteProcessMemory request was completed. (0x12B)
[0717/192040.273:ERROR:process_memory_win.cc(73)] ReadMemory at 0x17e4f775110 of 62 bytes failed: Only part of a ReadProcessMemory or WriteProcessMemory request was completed. (0x12B)
[0717/192040.273:ERROR:process_memory_win.cc(73)] ReadMemory at 0x17e4f775250 of 62 bytes failed: Only part of a ReadProcessMemory or WriteProcessMemory request was completed. (0x12B)
[0717/192040.273:ERROR:process_memory_win.cc(73)] ReadMemory at 0x17e4f7752a0 of 62 bytes failed: Only part of a ReadProcessMemory or WriteProcessMemory request was completed. (0x12B)
[0717/192040.273:ERROR:process_memory_win.cc(73)] ReadMemory at 0x17e4f7752f0 of 64 bytes failed: Only part of a ReadProcessMemory or WriteProcessMemory request was completed. (0x12B)
[0717/192040.273:ERROR:process_memory_win.cc(73)] ReadMemory at 0x17e4f775430 of 62 bytes failed: Only part of a ReadProcessMemory or WriteProcessMemory request was completed. (0x12B)
[0717/192040.273:ERROR:process_memory_win.cc(73)] ReadMemory at 0x17e4f775480 of 64 bytes failed: Only part of a ReadProcessMemory or WriteProcessMemory request was completed. (0x12B)
[0717/192040.273:ERROR:process_memory_win.cc(73)] ReadMemory at 0x17e4f7754d0 of 62 bytes failed: Only part of a ReadProcessMemory or WriteProcessMemory request was completed. (0x12B)
[0717/192040.274:ERROR:process_memory_win.cc(73)] ReadMemory at 0x17e4f7757a0 of 64 bytes failed: Only part of a ReadProcessMemory or WriteProcessMemory request was completed. (0x12B)
[0717/192040.274:ERROR:process_memory_win.cc(73)] ReadMemory at 0x17e4f775930 of 62 bytes failed: Only part of a ReadProcessMemory or WriteProcessMemory request was completed. (0x12B)
[0717/192040.274:ERROR:process_memory_win.cc(73)] ReadMemory at 0x17e4f775980 of 60 bytes failed: Only part of a ReadProcessMemory or WriteProcessMemory request was completed. (0x12B)
[0717/192040.274:ERROR:process_memory_win.cc(73)] ReadMemory at 0x17e4f776a00 of 132 bytes failed: Only part of a ReadProcessMemory or WriteProcessMemory request was completed. (0x12B)
[0717/192040.274:ERROR:process_memory_win.cc(73)] ReadMemory at 0x17e4f779cc0 of 132 bytes failed: Only part of a ReadProcessMemory or WriteProcessMemory request was completed. (0x12B)
[0717/192040.274:ERROR:process_memory_win.cc(73)] ReadMemory at 0x17e4f779ee0 of 132 bytes failed: Only part of a ReadProcessMemory or WriteProcessMemory request was completed. (0x12B)
[0717/192040.274:ERROR:process_memory_win.cc(73)] ReadMemory at 0x17e4f77a230 of 132 bytes failed: Only part of a ReadProcessMemory or WriteProcessMemory request was completed. (0x12B)
[0717/192040.274:ERROR:process_memory_win.cc(73)] ReadMemory at 0x17e4f77eda0 of 132 bytes failed: Only part of a ReadProcessMemory or WriteProcessMemory request was completed. (0x12B)
[0717/192040.274:ERROR:process_memory_win.cc(73)] ReadMemory at 0x17e4f77f020 of 132 bytes failed: Only part of a ReadProcessMemory or WriteProcessMemory request was completed. (0x12B)
[0717/192040.274:ERROR:process_memory_win.cc(73)] ReadMemory at 0x17e4f77f150 of 132 bytes failed: Only part of a ReadProcessMemory or WriteProcessMemory request was completed. (0x12B)
[0717/192040.274:ERROR:process_memory_win.cc(73)] ReadMemory at 0x17e4f77f280 of 132 bytes failed: Only part of a ReadProcessMemory or WriteProcessMemory request was completed. (0x12B)
[0717/192040.274:ERROR:process_memory_win.cc(73)] ReadMemory at 0x17e4f77f3b0 of 132 bytes failed: Only part of a ReadProcessMemory or WriteProcessMemory request was completed. (0x12B)
[0717/192040.274:ERROR:process_memory_win.cc(73)] ReadMemory at 0x17e4f77f4e0 of 132 bytes failed: Only part of a ReadProcessMemory or WriteProcessMemory request was completed. (0x12B)
[0717/192040.274:ERROR:process_memory_win.cc(73)] ReadMemory at 0x17e4f77f610 of 132 bytes failed: Only part of a ReadProcessMemory or WriteProcessMemory request was completed. (0x12B)
[0717/192040.274:ERROR:process_memory_win.cc(73)] ReadMemory at 0x17e4f77f740 of 132 bytes failed: Only part of a ReadProcessMemory or WriteProcessMemory request was completed. (0x12B)
[0717/192040.274:ERROR:process_memory_win.cc(73)] ReadMemory at 0x17e4f77f9a0 of 132 bytes failed: Only part of a ReadProcessMemory or WriteProcessMemory request was completed. (0x12B)
[0717/192040.274:ERROR:process_memory_win.cc(73)] ReadMemory at 0x17e4f77fad0 of 132 bytes failed: Only part of a ReadProcessMemory or WriteProcessMemory request was completed. (0x12B)
[0717/192040.274:ERROR:process_memory_win.cc(73)] ReadMemory at 0x17e4f77fc00 of 132 bytes failed: Only part of a ReadProcessMemory or WriteProcessMemory request was completed. (0x12B)
[0717/192040.275:ERROR:process_memory_win.cc(73)] ReadMemory at 0x17e4f77fd30 of 132 bytes failed: Only part of a ReadProcessMemory or WriteProcessMemory request was completed. (0x12B)
[0717/192040.275:ERROR:process_memory_win.cc(73)] ReadMemory at 0x17e4f77fe60 of 132 bytes failed: Only part of a ReadProcessMemory or WriteProcessMemory request was completed. (0x12B)
[0717/192040.275:ERROR:process_memory_win.cc(73)] ReadMemory at 0x17e4f781830 of 80 bytes failed: Only part of a ReadProcessMemory or WriteProcessMemory request was completed. (0x12B)
[0717/192040.275:ERROR:process_memory_win.cc(73)] ReadMemory at 0x17e4f781e90 of 80 bytes failed: Only part of a ReadProcessMemory or WriteProcessMemory request was completed. (0x12B)
[0717/192040.275:ERROR:process_memory_win.cc(73)] ReadMemory at 0x17e4f782140 of 132 bytes failed: Only part of a ReadProcessMemory or WriteProcessMemory request was completed. (0x12B)
[0717/192040.275:ERROR:process_memory_win.cc(73)] ReadMemory at 0x17e4f782270 of 132 bytes failed: Only part of a ReadProcessMemory or WriteProcessMemory request was completed. (0x12B)
[0717/192040.275:ERROR:process_memory_win.cc(73)] ReadMemory at 0x17e4f782600 of 132 bytes failed: Only part of a ReadProcessMemory or WriteProcessMemory request was completed. (0x12B)
[0717/192040.275:ERROR:process_memory_win.cc(73)] ReadMemory at 0x17e4f782730 of 132 bytes failed: Only part of a ReadProcessMemory or WriteProcessMemory request was completed. (0x12B)
[0717/192040.275:ERROR:process_memory_win.cc(73)] ReadMemory at 0x17e4f782860 of 132 bytes failed: Only part of a ReadProcessMemory or WriteProcessMemory request was completed. (0x12B)
[0717/192040.275:ERROR:process_memory_win.cc(73)] ReadMemory at 0x17e4f782ac0 of 132 bytes failed: Only part of a ReadProcessMemory or WriteProcessMemory request was completed. (0x12B)
[0717/192040.275:ERROR:process_memory_win.cc(73)] ReadMemory at 0x17e4f782bf0 of 132 bytes failed: Only part of a ReadProcessMemory or WriteProcessMemory request was completed. (0x12B)
[0717/192040.275:ERROR:process_memory_win.cc(73)] ReadMemory at 0x17e4f782d20 of 132 bytes failed: Only part of a ReadProcessMemory or WriteProcessMemory request was completed. (0x12B)
[0717/192040.275:ERROR:process_memory_win.cc(73)] ReadMemory at 0x17e4f782e50 of 132 bytes failed: Only part of a ReadProcessMemory or WriteProcessMemory request was completed. (0x12B)
[0717/192040.275:ERROR:process_memory_win.cc(73)] ReadMemory at 0x17e4f782f80 of 132 bytes failed: Only part of a ReadProcessMemory or WriteProcessMemory request was completed. (0x12B)
[0717/192040.275:ERROR:process_memory_win.cc(73)] ReadMemory at 0x17e4f7830b0 of 132 bytes failed: Only part of a ReadProcessMemory or WriteProcessMemory request was completed. (0x12B)
[0717/192040.275:ERROR:process_memory_win.cc(73)] ReadMemory at 0x17e4f783440 of 132 bytes failed: Only part of a ReadProcessMemory or WriteProcessMemory request was completed. (0x12B)
[0717/192040.275:ERROR:process_memory_win.cc(73)] ReadMemory at 0x17e4f7837d0 of 132 bytes failed: Only part of a ReadProcessMemory or WriteProcessMemory request was completed. (0x12B)
[0717/192040.275:ERROR:process_memory_win.cc(73)] ReadMemory at 0x17e4f783900 of 132 bytes failed: Only part of a ReadProcessMemory or WriteProcessMemory request was completed. (0x12B)
[0717/192040.275:ERROR:process_memory_win.cc(73)] ReadMemory at 0x17e4f783c90 of 132 bytes failed: Only part of a ReadProcessMemory or WriteProcessMemory request was completed. (0x12B)
[0717/192040.275:ERROR:process_memory_win.cc(73)] ReadMemory at 0x17e4f7aa580 of 520 bytes failed: Only part of a ReadProcessMemory or WriteProcessMemory request was completed. (0x12B)
[0717/192040.275:ERROR:process_memory_win.cc(73)] ReadMemory at 0x17e4f7ab810 of 58 bytes failed: Only part of a ReadProcessMemory or WriteProcessMemory request was completed. (0x12B)
[0717/192040.275:ERROR:process_memory_win.cc(73)] ReadMemory at 0x17e4f7aba90 of 60 bytes failed: Only part of a ReadProcessMemory or WriteProcessMemory request was completed. (0x12B)
[0717/192040.275:ERROR:process_memory_win.cc(73)] ReadMemory at 0x17e4f7abbd0 of 62 bytes failed: Only part of a ReadProcessMemory or WriteProcessMemory request was completed. (0x12B)
[0717/192040.276:ERROR:process_memory_win.cc(73)] ReadMemory at 0x17e4f7abc70 of 66 bytes failed: Only part of a ReadProcessMemory or WriteProcessMemory request was completed. (0x12B)
[0717/192040.276:ERROR:process_memory_win.cc(73)] ReadMemory at 0x17e4f7abfe0 of 62 bytes failed: Only part of a ReadProcessMemory or WriteProcessMemory request was completed. (0x12B)
[0717/192040.276:ERROR:process_memory_win.cc(73)] ReadMemory at 0x17e4f7ac120 of 56 bytes failed: Only part of a ReadProcessMemory or WriteProcessMemory request was completed. (0x12B)
[0717/192040.276:ERROR:process_memory_win.cc(73)] ReadMemory at 0x17e4f7ac1c0 of 60 bytes failed: Only part of a ReadProcessMemory or WriteProcessMemory request was completed. (0x12B)
[0717/192040.276:ERROR:process_memory_win.cc(73)] ReadMemory at 0x17e4f7ac4e0 of 62 bytes failed: Only part of a ReadProcessMemory or WriteProcessMemory request was completed. (0x12B)
[0717/192040.276:ERROR:process_memory_win.cc(73)] ReadMemory at 0x17e4f7ac580 of 60 bytes failed: Only part of a ReadProcessMemory or WriteProcessMemory request was completed. (0x12B)
[0717/192040.276:ERROR:process_memory_win.cc(73)] ReadMemory at 0x17e4f7ac710 of 58 bytes failed: Only part of a ReadProcessMemory or WriteProcessMemory request was completed. (0x12B)
[0717/192040.276:ERROR:process_memory_win.cc(73)] ReadMemory at 0x17e4f7c1310 of 512 bytes failed: Only part of a ReadProcessMemory or WriteProcessMemory request was completed. (0x12B)
[0717/192040.276:ERROR:process_memory_win.cc(73)] ReadMemory at 0x17e4f7d3e00 of 512 bytes failed: Only part of a ReadProcessMemory or WriteProcessMemory request was completed. (0x12B)
[0717/192040.276:ERROR:process_memory_win.cc(73)] ReadMemory at 0x17e4f7f4910 of 512 bytes failed: Only part of a ReadProcessMemory or WriteProcessMemory request was completed. (0x12B)
[0717/192040.276:ERROR:process_memory_win.cc(73)] ReadMemory at 0x17e4f7f5cf0 of 512 bytes failed: Only part of a ReadProcessMemory or WriteProcessMemory request was completed. (0x12B)
[0717/192040.276:ERROR:process_memory_win.cc(73)] ReadMemory at 0x17e4f7f6f50 of 512 bytes failed: Only part of a ReadProcessMemory or WriteProcessMemory request was completed. (0x12B)
[0717/192040.276:ERROR:process_memory_win.cc(73)] ReadMemory at 0x17e4f806790 of 712 bytes failed: Only part of a ReadProcessMemory or WriteProcessMemory request was completed. (0x12B)
[0717/192040.276:ERROR:process_memory_win.cc(73)] ReadMemory at 0x17e4f8c16c0 of 512 bytes failed: Only part of a ReadProcessMemory or WriteProcessMemory request was completed. (0x12B)
[0717/192040.276:ERROR:process_memory_win.cc(73)] ReadMemory at 0x17e51367960 of 512 bytes failed: Only part of a ReadProcessMemory or WriteProcessMemory request was completed. (0x12B)
[0717/192040.276:ERROR:process_memory_win.cc(73)] ReadMemory at 0x17e51375530 of 512 bytes failed: Only part of a ReadProcessMemory or WriteProcessMemory request was completed. (0x12B)
[0717/192040.276:ERROR:process_memory_win.cc(73)] ReadMemory at 0x17e51754660 of 512 bytes failed: Only part of a ReadProcessMemory or WriteProcessMemory request was completed. (0x12B)
[0717/192040.276:ERROR:process_memory_win.cc(73)] ReadMemory at 0x17e517afd30 of 512 bytes failed: Only part of a ReadProcessMemory or WriteProcessMemory request was completed. (0x12B)
[0717/192040.276:ERROR:process_memory_win.cc(73)] ReadMemory at 0x17e517be0d0 of 512 bytes failed: Only part of a ReadProcessMemory or WriteProcessMemory request was completed. (0x12B)
[0717/192040.276:ERROR:process_memory_win.cc(73)] ReadMemory at 0x17e51c201b0 of 512 bytes failed: Only part of a ReadProcessMemory or WriteProcessMemory request was completed. (0x12B)
[0717/192040.277:ERROR:process_memory_win.cc(73)] ReadMemory at 0x17e52cf1e00 of 512 bytes failed: Only part of a ReadProcessMemory or WriteProcessMemory request was completed. (0x12B)
[0717/192040.277:ERROR:process_memory_win.cc(73)] ReadMemory at 0x17e52e43d30 of 512 bytes failed: Only part of a ReadProcessMemory or WriteProcessMemory request was completed. (0x12B)
[0717/192040.277:ERROR:process_memory_win.cc(73)] ReadMemory at 0x17e52f432f0 of 512 bytes failed: Only part of a ReadProcessMemory or WriteProcessMemory request was completed. (0x12B)
[0717/192040.277:ERROR:process_memory_win.cc(73)] ReadMemory at 0x17e52f438b0 of 512 bytes failed: Only part of a ReadProcessMemory or WriteProcessMemory request was completed. (0x12B)
[0717/192040.277:ERROR:process_memory_win.cc(73)] ReadMemory at 0x17e53016f60 of 512 bytes failed: Only part of a ReadProcessMemory or WriteProcessMemory request was completed. (0x12B)
[0717/192040.277:ERROR:process_memory_win.cc(73)] ReadMemory at 0x17e54a01310 of 512 bytes failed: Only part of a ReadProcessMemory or WriteProcessMemory request was completed. (0x12B)
[0717/192040.277:ERROR:process_memory_win.cc(73)] ReadMemory at 0x17e54bfc3b8 of 512 bytes failed: Only part of a ReadProcessMemory or WriteProcessMemory request was completed. (0x12B)
[0717/192040.277:ERROR:process_memory_win.cc(73)] ReadMemory at 0x17e54bfc878 of 512 bytes failed: Only part of a ReadProcessMemory or WriteProcessMemory request was completed. (0x12B)
[0717/192040.277:ERROR:process_memory_win.cc(73)] ReadMemory at 0x17e54d792c0 of 512 bytes failed: Only part of a ReadProcessMemory or WriteProcessMemory request was completed. (0x12B)
[0717/192040.277:ERROR:process_memory_win.cc(73)] ReadMemory at 0x17e54ea8710 of 512 bytes failed: Only part of a ReadProcessMemory or WriteProcessMemory request was completed. (0x12B)
[0717/192040.277:ERROR:process_memory_win.cc(73)] ReadMemory at 0x17e54fc0300 of 512 bytes failed: Only part of a ReadProcessMemory or WriteProcessMemory request was completed. (0x12B)
[0717/192040.277:ERROR:process_memory_win.cc(73)] ReadMemory at 0x17e550af458 of 632 bytes failed: Only part of a ReadProcessMemory or WriteProcessMemory request was completed. (0x12B)
[0717/192040.277:ERROR:process_memory_win.cc(73)] ReadMemory at 0x17e551b69e0 of 512 bytes failed: Only part of a ReadProcessMemory or WriteProcessMemory request was completed. (0x12B)
[0717/192040.277:ERROR:process_memory_win.cc(73)] ReadMemory at 0x17e551c7390 of 512 bytes failed: Only part of a ReadProcessMemory or WriteProcessMemory request was completed. (0x12B)
[0717/192040.277:ERROR:process_memory_win.cc(73)] ReadMemory at 0x17e55451a18 of 512 bytes failed: Only part of a ReadProcessMemory or WriteProcessMemory request was completed. (0x12B)
[0717/192040.277:ERROR:process_memory_win.cc(73)] ReadMemory at 0x17e554533f0 of 512 bytes failed: Only part of a ReadProcessMemory or WriteProcessMemory request was completed. (0x12B)
[0717/192040.277:ERROR:process_memory_win.cc(73)] ReadMemory at 0x17e55454928 of 512 bytes failed: Only part of a ReadProcessMemory or WriteProcessMemory request was completed. (0x12B)
[0717/192040.277:ERROR:process_memory_win.cc(73)] ReadMemory at 0x17e5547e208 of 512 bytes failed: Only part of a ReadProcessMemory or WriteProcessMemory request was completed. (0x12B)
[0717/192040.277:ERROR:process_memory_win.cc(73)] ReadMemory at 0x17e5547ff58 of 512 bytes failed: Only part of a ReadProcessMemory or WriteProcessMemory request was completed. (0x12B)
[0717/192040.277:ERROR:process_memory_win.cc(73)] ReadMemory at 0x17e55fb7d20 of 784 bytes failed: Only part of a ReadProcessMemory or WriteProcessMemory request was completed. (0x12B)
[0717/192040.277:ERROR:process_memory_win.cc(73)] ReadMemory at 0x17e561ea590 of 512 bytes failed: Only part of a ReadProcessMemory or WriteProcessMemory request was completed. (0x12B)
[0717/192040.277:ERROR:process_memory_win.cc(73)] ReadMemory at 0x1ea540031f8 of 512 bytes failed: Only part of a ReadProcessMemory or WriteProcessMemory request was completed. (0x12B)
[0717/192040.277:ERROR:process_memory_win.cc(73)] ReadMemory at 0x18a0fcd3d430 of 512 bytes failed: Only part of a ReadProcessMemory or WriteProcessMemory request was completed. (0x12B)
[0717/192040.278:ERROR:process_memory_win.cc(73)] ReadMemory at 0x201800000000 of 384 bytes failed: Only part of a ReadProcessMemory or WriteProcessMemory request was completed. (0x12B)
[0717/192040.278:ERROR:process_memory_win.cc(73)] ReadMemory at 0x2018082ed18d of 512 bytes failed: Only part of a ReadProcessMemory or WriteProcessMemory request was completed. (0x12B)
[0717/192040.278:ERROR:process_memory_win.cc(73)] ReadMemory at 0x201808405651 of 512 bytes failed: Only part of a ReadProcessMemory or WriteProcessMemory request was completed. (0x12B)
[0717/192040.278:ERROR:process_memory_win.cc(73)] ReadMemory at 0x2d29a953bfa0 of 512 bytes failed: Only part of a ReadProcessMemory or WriteProcessMemory request was completed. (0x12B)
[0717/192040.278:ERROR:process_memory_win.cc(73)] ReadMemory at 0x2d29a9552680 of 512 bytes failed: Only part of a ReadProcessMemory or WriteProcessMemory request was completed. (0x12B)
[0717/192040.278:ERROR:process_memory_win.cc(73)] ReadMemory at 0x5820b2b020a0 of 512 bytes failed: Only part of a ReadProcessMemory or WriteProcessMemory request was completed. (0x12B)
[0717/192040.278:ERROR:process_memory_win.cc(73)] ReadMemory at 0x77fede1e1c80 of 512 bytes failed: Only part of a ReadProcessMemory or WriteProcessMemory request was completed. (0x12B)
[0717/192040.278:ERROR:process_memory_win.cc(73)] ReadMemory at 0x7ffa60f7e36e of 512 bytes failed: Only part of a ReadProcessMemory or WriteProcessMemory request was completed. (0x12B)
[0717/192040.278:ERROR:process_memory_win.cc(73)] ReadMemory at 0x7ffa618efef4 of 512 bytes failed: Only part of a ReadProcessMemory or WriteProcessMemory request was completed. (0x12B)
[0717/192040.278:ERROR:process_memory_win.cc(73)] ReadMemory at 0x7ffa6297c1f6 of 512 bytes failed: Only part of a ReadProcessMemory or WriteProcessMemory request was completed. (0x12B)
[0717/192040.278:ERROR:process_memory_win.cc(73)] ReadMemory at 0x7ffa62f61ad0 of 512 bytes failed: Only part of a ReadProcessMemory or WriteProcessMemory request was completed. (0x12B)
[0717/192040.278:ERROR:process_memory_win.cc(73)] ReadMemory at 0x7ffa630da266 of 512 bytes failed: Only part of a ReadProcessMemory or WriteProcessMemory request was completed. (0x12B)
[0717/192040.278:ERROR:process_memory_win.cc(73)] ReadMemory at 0x7ffa6372dd0e of 512 bytes failed: Only part of a ReadProcessMemory or WriteProcessMemory request was completed. (0x12B)
[0717/192040.278:ERROR:process_memory_win.cc(73)] ReadMemory at 0x7ffa656d53c6 of 512 bytes failed: Only part of a ReadProcessMemory or WriteProcessMemory request was completed. (0x12B)
[0717/192040.278:ERROR:process_memory_win.cc(73)] ReadMemory at 0x7ffa67c4aa77 of 512 bytes failed: Only part of a ReadProcessMemory or WriteProcessMemory request was completed. (0x12B)
[0717/192040.278:ERROR:process_memory_win.cc(73)] ReadMemory at 0x7ffa67df7978 of 512 bytes failed: Only part of a ReadProcessMemory or WriteProcessMemory request was completed. (0x12B)
[0717/192040.278:ERROR:process_memory_win.cc(73)] ReadMemory at 0x7ffa68a58f78 of 512 bytes failed: Only part of a ReadProcessMemory or WriteProcessMemory request was completed. (0x12B)
[0717/192040.278:ERROR:process_memory_win.cc(73)] ReadMemory at 0x7ffab861c738 of 512 bytes failed: Only part of a ReadProcessMemory or WriteProcessMemory request was completed. (0x12B)
[0717/192040.278:ERROR:process_memory_win.cc(73)] ReadMemory at 0x7ffaba70ad94 of 512 bytes failed: Only part of a ReadProcessMemory or WriteProcessMemory request was completed. (0x12B)
[0717/192040.278:ERROR:process_memory_win.cc(73)] ReadMemory at 0x7ffaba70b394 of 512 bytes failed: Only part of a ReadProcessMemory or WriteProcessMemory request was completed. (0x12B)
[0717/192040.278:ERROR:process_memory_win.cc(73)] ReadMemory at 0x7ffaba70e704 of 608 bytes failed: Only part of a ReadProcessMemory or WriteProcessMemory request was completed. (0x12B)
[0717/192040.278:ERROR:process_memory_win.cc(73)] ReadMemory at 0x7ffaba79f650 of 18 bytes failed: Only part of a ReadProcessMemory or WriteProcessMemory request was completed. (0x12B)
[0717/192040.278:ERROR:process_memory_win.cc(73)] ReadMemory at 0x7ffaba7d34f8 of 40 bytes failed: Only part of a ReadProcessMemory or WriteProcessMemory request was completed. (0x12B)
[0717/192040.278:ERROR:process_memory_win.cc(73)] ReadMemory at 0x7ffaba7d3978 of 48 bytes failed: Only part of a ReadProcessMemory or WriteProcessMemory request was completed. (0x12B)
[0717/192040.278:ERROR:process_memory_win.cc(73)] ReadMemory at 0x7ffaba7d94c0 of 64 bytes failed: Only part of a ReadProcessMemory or WriteProcessMemory request was completed. (0x12B)
[0717/192040.279:ERROR:scoped_process_suspend.cc(40)] NtResumeProcess: An attempt was made to access an exiting process. (0xc000010a)
